<?xml version="1.0" encoding="UTF-8"?>
<testsuite name="com.gildedrose.GildedRoseTest" tests="20" skipped="0" failures="0" errors="0" timestamp="2023-10-15T20:23:19" hostname="DESKTOP-MMB3FMF" time="0.08">
  <properties/>
  <testcase name="Test that the quality has decreased" classname="com.gildedrose.GildedRoseTest" time="0.032"/>
  <testcase name="Test that the quality has decreased" classname="com.gildedrose.GildedRoseTest" time="0.0"/>
  <testcase name="Test that the name is unchanged" classname="com.gildedrose.GildedRoseTest" time="0.002"/>
  <testcase name="testToString()" classname="com.gildedrose.GildedRoseTest" time="0.009"/>
  <testcase name="Test that the quality has decreased" classname="com.gildedrose.GildedRoseTest" time="0.001"/>
  <testcase name="Test that the quality has decreased" classname="com.gildedrose.GildedRoseTest" time="0.002"/>
  <testcase name="Test that the quality has decreased" classname="com.gildedrose.GildedRoseTest" time="0.001"/>
  <testcase name="Test that the quality has decreased" classname="com.gildedrose.GildedRoseTest" time="0.001"/>
  <testcase name="Test that the quality has decreased" classname="com.gildedrose.GildedRoseTest" time="0.001"/>
  <testcase name="Test that the quality has increased" classname="com.gildedrose.GildedRoseTest" time="0.0"/>
  <testcase name="Test that the quality has decreased" classname="com.gildedrose.GildedRoseTest" time="0.001"/>
  <testcase name="Test that the quality has increased" classname="com.gildedrose.GildedRoseTest" time="0.001"/>
  <testcase name="Test that the quality has increased" classname="com.gildedrose.GildedRoseTest" time="0.001"/>
  <testcase name="Test that the quality has increased" classname="com.gildedrose.GildedRoseTest" time="0.001"/>
  <testcase name="Test that the quality has decreased" classname="com.gildedrose.GildedRoseTest" time="0.001"/>
  <testcase name="Test that the quality has increased" classname="com.gildedrose.GildedRoseTest" time="0.001"/>
  <testcase name="Test that the quality has increased" classname="com.gildedrose.GildedRoseTest" time="0.001"/>
  <testcase name="Test that the quality has increased" classname="com.gildedrose.GildedRoseTest" time="0.001"/>
  <testcase name="Test that the quality has decreased" classname="com.gildedrose.GildedRoseTest" time="0.002"/>
  <testcase name="Test that the SellIn has increased" classname="com.gildedrose.GildedRoseTest" time="0.001"/>
  <system-out><![CDATA[]]></system-out>
  <system-err><![CDATA[]]></system-err>
</testsuite>
